app/build/intermediates/manifest_merge_blame_file/debug/manifest-merger-blame-debug-report.txt
1<?xml version="1.0" encoding="utf-8"?>
2<manifest xmlns:android="http://schemas.android.com/apk/res/android"
3    package="net.kismetwireless.android.pcapcapture"
4    android:versionCode="1"
5    android:versionName="2012.12.1" >
6
7    <uses-sdk
8        android:minSdkVersion="16"
8-->src/main/AndroidManifest.xml
9        android:targetSdkVersion="30" />
9-->src/main/AndroidManifest.xml
10    <!-- <uses-sdk -->
11    <!-- android:minSdkVersion="13" -->
12    <!-- android:targetSdkVersion="15" /> -->
13    <uses-permission android:name="android.permission.WRITE_EXTERNAL_STORAGE" />
13-->src/main/AndroidManifest.xml:9:5-81
13-->src/main/AndroidManifest.xml:9:22-78
14    <uses-permission android:name="android.permission.ACCESS_COARSE_LOCATION" />
14-->src/main/AndroidManifest.xml:10:5-81
14-->src/main/AndroidManifest.xml:10:22-78
15    <uses-permission android:name="android.permission.ACCESS_FINE_LOCATION" />
15-->src/main/AndroidManifest.xml:11:5-79
15-->src/main/AndroidManifest.xml:11:22-76
16    <uses-permission android:name="android.permission.CHANGE_WIFI_STATE" />
16-->src/main/AndroidManifest.xml:12:5-76
16-->src/main/AndroidManifest.xml:12:22-73
17    <uses-permission android:name="android.permission.ACCESS_WIFI_STATE" />
17-->src/main/AndroidManifest.xml:13:5-75
17-->src/main/AndroidManifest.xml:13:22-73
18    <uses-permission android:name="android.permission.WAKE_LOCK" />
18-->src/main/AndroidManifest.xml:14:5-67
18-->src/main/AndroidManifest.xml:14:22-65
19    <uses-permission android:name="android.permission.INTERNET" />
19-->src/main/AndroidManifest.xml:15:5-66
19-->src/main/AndroidManifest.xml:15:22-64
20    <uses-permission android:name="android.permission.ACCESS_NETWORK_STATE" />
20-->src/main/AndroidManifest.xml:16:5-78
20-->src/main/AndroidManifest.xml:16:22-76
21    <uses-permission android:name="android.permission.READ_PHONE_STATE" >
21-->src/main/AndroidManifest.xml:17:5-92
21-->src/main/AndroidManifest.xml:17:22-72
22    </uses-permission>
23
24    <supports-screens
24-->src/main/AndroidManifest.xml:19:5-25:40
25        android:anyDensity="true"
25-->src/main/AndroidManifest.xml:20:9-34
26        android:largeScreens="true"
26-->src/main/AndroidManifest.xml:21:9-36
27        android:normalScreens="true"
27-->src/main/AndroidManifest.xml:22:9-37
28        android:resizeable="true"
28-->src/main/AndroidManifest.xml:23:9-34
29        android:smallScreens="true"
29-->src/main/AndroidManifest.xml:24:9-36
30        android:xlargeScreens="true" />
30-->src/main/AndroidManifest.xml:25:9-37
31
32    <application
32-->src/main/AndroidManifest.xml:27:5-72:19
33        android:appComponentFactory="androidx.core.app.CoreComponentFactory"
33-->[androidx.core:core:1.5.0] AndroidManifest.xml:24:18-86
34        android:debuggable="true"
35        android:icon="@drawable/ic_launcher"
35-->src/main/AndroidManifest.xml:28:9-45
36        android:label="@string/app_name"
36-->src/main/AndroidManifest.xml:29:9-41
37        android:testOnly="true"
38        android:theme="@style/AppTheme" >
38-->src/main/AndroidManifest.xml:30:9-40
39        <activity
39-->src/main/AndroidManifest.xml:31:9-32:46
40            android:name="net.kismetwireless.android.pcapcapture.FakeAPScanner"
40-->src/main/AndroidManifest.xml:31:19-48
41            android:theme="@style/AppTheme" />
41-->src/main/AndroidManifest.xml:32:13-44
42        <activity
42-->src/main/AndroidManifest.xml:33:9-35:57
43            android:name="net.kismetwireless.android.pcapcapture.WiFiScan"
43-->src/main/AndroidManifest.xml:33:19-43
44            android:parentActivityName="net.kismetwireless.android.pcapcapture.MainActivity"
44-->src/main/AndroidManifest.xml:35:13-55
45            android:theme="@style/AppTheme" />
45-->src/main/AndroidManifest.xml:34:13-44
46        <activity
46-->src/main/AndroidManifest.xml:36:9-51:20
47            android:name="net.kismetwireless.android.pcapcapture.MainActivity"
47-->src/main/AndroidManifest.xml:37:13-41
48            android:label="@string/title_activity_main"
48-->src/main/AndroidManifest.xml:38:13-56
49            android:launchMode="singleTask" >
49-->src/main/AndroidManifest.xml:39:13-44
50            <intent-filter>
50-->src/main/AndroidManifest.xml:40:13-43:29
51                <action android:name="android.intent.action.MAIN" />
51-->src/main/AndroidManifest.xml:41:17-69
51-->src/main/AndroidManifest.xml:41:25-66
52
53                <category android:name="android.intent.category.LAUNCHER" />
53-->src/main/AndroidManifest.xml:42:17-77
53-->src/main/AndroidManifest.xml:42:27-74
54            </intent-filter>
55            <intent-filter>
55-->src/main/AndroidManifest.xml:44:13-46:29
56                <action android:name="android.hardware.usb.action.USB_DEVICE_ATTACHED" />
56-->src/main/AndroidManifest.xml:45:17-90
56-->src/main/AndroidManifest.xml:45:25-87
57            </intent-filter>
58
59            <meta-data
59-->src/main/AndroidManifest.xml:48:13-50:57
60                android:name="android.hardware.usb.action.USB_DEVICE_ATTACHED"
60-->src/main/AndroidManifest.xml:49:17-79
61                android:resource="@xml/device_filter" />
61-->src/main/AndroidManifest.xml:50:17-54
62        </activity>
63        <activity
63-->src/main/AndroidManifest.xml:52:9-55:47
64            android:name="net.kismetwireless.android.pcapcapture.ChannelPrefs"
64-->src/main/AndroidManifest.xml:53:13-41
65            android:label="@string/pref_channel"
65-->src/main/AndroidManifest.xml:54:13-49
66            android:theme="@style/AppTheme" />
66-->src/main/AndroidManifest.xml:55:13-44
67        <activity
67-->src/main/AndroidManifest.xml:56:9-59:47
68            android:name="net.kismetwireless.android.pcapcapture.FilemanagerActivity"
68-->src/main/AndroidManifest.xml:57:13-48
69            android:label="@string/title_activity_filemanager"
69-->src/main/AndroidManifest.xml:58:13-63
70            android:theme="@style/AppTheme" />
70-->src/main/AndroidManifest.xml:59:13-44
71
72        <receiver android:name="net.kismetwireless.android.pcapcapture.WiFiScan" >
72-->src/main/AndroidManifest.xml:61:9-67:20
72-->src/main/AndroidManifest.xml:61:19-43
73            <intent-filter>
73-->src/main/AndroidManifest.xml:62:13-66:29
74                <action android:name="android.intent.action.MAIN" />
74-->src/main/AndroidManifest.xml:41:17-69
74-->src/main/AndroidManifest.xml:41:25-66
75
76                <category android:name="android.intent.category.LAUNCHER" />
76-->src/main/AndroidManifest.xml:42:17-77
76-->src/main/AndroidManifest.xml:42:27-74
77
78                <action android:name="android.net.wifi.WIFI_STATE_CHANGED" />
78-->src/main/AndroidManifest.xml:65:17-77
78-->src/main/AndroidManifest.xml:65:25-75
79            </intent-filter>
80        </receiver>
81
82        <service
82-->src/main/AndroidManifest.xml:69:9-71:63
83            android:name="net.kismetwireless.android.pcapcapture.PcapService"
83-->src/main/AndroidManifest.xml:70:13-40
84            android:description="@string/pcap_service_desc" />
84-->src/main/AndroidManifest.xml:71:13-60
85    </application>
86
87</manifest>